Base path: /Applications/Unity/Unity.app/Contents
Pipe name: \\.\pipe\UnityShaderCompiler-1--1603616300
Cmd: getPlatforms
Cmd: preprocess
  insize=1716 outsize=728 ok=1
Cmd: compileSnippet
  api=0 type=0 insize=1294 outsize=630 kw= ok=1
Cmd: compileSnippet
  api=0 type=1 insize=1294 outsize=402 kw= ok=1
Cmd: preprocess
  insize=1006 outsize=248 ok=1
Cmd: compileSnippet
  api=0 type=0 insize=1059 outsize=925 kw= ok=1
Cmd: compileSnippet
  api=0 type=1 insize=1059 outsize=6 kw= ok=1
Cmd: preprocess
  insize=13848 outsize=2064 ok=1
Cmd: compileSnippet
  api=0 type=0 insize=11209 outsize=1205 kw= ok=1
Cmd: compileSnippet
  api=0 type=1 insize=11209 outsize=6 kw= ok=1
Cmd: compileSnippet
  api=0 type=0 insize=11201 outsize=573 kw= ok=1
Cmd: compileSnippet
  api=0 type=1 insize=11201 outsize=6 kw= ok=1
Cmd: compileSnippet
  api=0 type=0 insize=11209 outsize=1763 kw= ok=1
Cmd: compileSnippet
  api=0 type=1 insize=11209 outsize=6 kw= ok=1
Cmd: compileSnippet
  api=0 type=0 insize=11215 outsize=3640 kw= ok=1
Cmd: compileSnippet
  api=0 type=1 insize=11215 outsize=6 kw= ok=1
Cmd: compileSnippet
  api=0 type=0 insize=11225 outsize=3130 kw= ok=1
Cmd: compileSnippet
  api=0 type=1 insize=11225 outsize=6 kw= ok=1
Cmd: compileSnippet
  api=0 type=0 insize=11212 outsize=714 kw= ok=1
Cmd: compileSnippet
  api=0 type=1 insize=11212 outsize=6 kw= ok=1
Cmd: compileSnippet
  api=0 type=0 insize=11211 outsize=1737 kw= ok=1
Cmd: compileSnippet
  api=0 type=1 insize=11211 outsize=6 kw= ok=1
Cmd: compileSnippet
  api=0 type=0 insize=11217 outsize=3902 kw= ok=1
Cmd: compileSnippet
  api=0 type=1 insize=11217 outsize=6 kw= ok=1
Cmd: preprocess
  insize=5662 outsize=758 ok=1
Cmd: compileSnippet
  api=0 type=0 insize=4698 outsize=328 kw= ok=1
Cmd: compileSnippet
  api=0 type=1 insize=4698 outsize=296 kw= ok=1
Cmd: compileSnippet
  api=0 type=0 insize=4703 outsize=753 kw= ok=1
Cmd: compileSnippet
  api=0 type=1 insize=4703 outsize=569 kw= ok=1
Cmd: compileSnippet
  api=0 type=0 insize=4713 outsize=757 kw= ok=1
Cmd: compileSnippet
  api=0 type=1 insize=4713 outsize=852 kw= ok=1
Cmd: compileSnippet
  api=0 type=0 insize=4708 outsize=757 kw= ok=1
Cmd: compileSnippet
  api=0 type=1 insize=4708 outsize=714 kw= ok=1
Cmd: compileSnippet
  api=0 type=0 insize=4714 outsize=691 kw= ok=1
Cmd: compileSnippet
  api=0 type=1 insize=4714 outsize=994 kw= ok=1
Cmd: preprocess
  insize=2157 outsize=982 ok=1
Cmd: compileSnippet
  api=0 type=0 insize=912 outsize=365 kw= ok=1
Cmd: compileSnippet
  api=0 type=1 insize=912 outsize=200 kw= ok=1
Cmd: compileSnippet
  api=0 type=0 insize=867 outsize=365 kw= ok=1
Cmd: compileSnippet
  api=0 type=1 insize=867 outsize=133 kw= ok=1
Cmd: preprocess
  insize=5325 outsize=774 ok=1
Cmd: preprocess
  insize=1220 outsize=387 ok=1
Cmd: compileSnippet
  api=0 type=0 insize=1136 outsize=435 kw= ok=1
Cmd: compileSnippet
  api=0 type=1 insize=1136 outsize=719 kw= ok=1
